<?xml version="1.0" encoding="UTF-8"?>
<!-- Generated by org.testng.reporters.JUnitReportReporter -->
<testsuite hostname="Muskan" failures="0" tests="1" name="com.app.runner.Run" time="9.782" errors="0" timestamp="2023-04-03T02:32:33 IST" skipped="0">
  <testcase classname="com.app.runner.Run" name="runScenario" time="9.782"/>
  <system-out/>
</testsuite> <!-- com.app.runner.Run -->
