<?xml version="1.0" encoding="UTF-8"?>
<!-- Generated by org.testng.reporters.JUnitReportReporter -->
<testsuite hostname="USPL-319" failures="0" tests="1" name="com.app.test.SignInTest" time="2.465" errors="0" timestamp="2022-07-04T01:19:33 IST" skipped="0">
  <testcase classname="com.app.test.SignInTest" name="signIn" time="2.465"/>
  <system-out/>
</testsuite> <!-- com.app.test.SignInTest -->
