<?xml version="1.0" encoding="UTF-8"?>
<!-- Generated by org.testng.reporters.JUnitReportReporter -->
<testsuite hostname="USPL-319" failures="0" tests="2" name="com.app.xml.XMLOperations" time="8.554" errors="0" timestamp="2022-06-29T01:39:32 IST" skipped="0">
  <testcase classname="com.app.xml.XMLOperations" name="testLogin" time="7.419"/>
  <system-out/>
  <testcase classname="com.app.xml.XMLOperations" name="printContactList" time="1.135"/>
  <system-out/>
</testsuite> <!-- com.app.xml.XMLOperations -->
