<?xml version="1.0" encoding="UTF-8"?>
<!-- Generated by org.testng.reporters.JUnitReportReporter -->
<testsuite hostname="USPL-319" failures="0" tests="1" name="com.app.test.CreateAccountTest" time="4.781" errors="0" timestamp="2022-07-04T01:19:33 IST" skipped="0">
  <testcase classname="com.app.test.CreateAccountTest" name="accountCreate" time="4.781"/>
  <system-out/>
</testsuite> <!-- com.app.test.CreateAccountTest -->
