<?xml version="1.0" encoding="UTF-8"?>
<!-- Generated by org.testng.reporters.JUnitReportReporter -->
<testsuite hostname="Muskan" failures="0" tests="1" name="com.app.selenium.Automation" time="0.033" errors="0" timestamp="2023-04-03T17:31:54 IST" skipped="0">
  <testcase classname="com.app.selenium.Automation" name="test" time="0.033"/>
  <system-out/>
</testsuite> <!-- com.app.selenium.Automation -->
